<?xml version="1.0" encoding="UTF-8"?>
<!-- Generated by org.testng.reporters.JUnitXMLReporter -->
<testsuite hostname="Rajeev-Dell" name="Default test" tests="3" failures="0" timestamp="28 Jan 2017 09:52:35 GMT" time="0.039" errors="0">
  <testcase name="oneDimension" time="0.01" classname="testscripts.UsingoneDimension"/>
  <testcase name="oneDimension" time="0.002" classname="testscripts.UsingoneDimension"/>
  <testcase name="oneDimension" time="0.002" classname="testscripts.UsingoneDimension"/>
</testsuite> <!-- Default test -->
