<?xml version="1.0" encoding="UTF-8"?>
<testng-results skipped="0" failed="0" ignored="0" total="1" passed="1">
  <reporter-output>
  </reporter-output>
  <suite name="Default suite" duration-ms="22422" started-at="2018-05-18T19:55:08Z" finished-at="2018-05-18T19:55:31Z">
    <groups>
    </groups>
    <test name="Default test" duration-ms="22422" started-at="2018-05-18T19:55:08Z" finished-at="2018-05-18T19:55:31Z">
      <class name="firstappiumtest.Apptest">
        <test-method status="PASS" signature="testmethod()[pri:0, instance:firstappiumtest.Apptest@c46bcd4]" name="testmethod" is-config="true" duration-ms="18339" started-at="2018-05-18T19:55:08Z" finished-at="2018-05-18T19:55:27Z">
          <reporter-output>
          </reporter-output>
        </test-method> <!-- testmethod -->
        <test-method status="PASS" signature="testcal()[pri:0, instance:firstappiumtest.Apptest@c46bcd4]" name="testcal" duration-ms="4039" started-at="2018-05-18T19:55:27Z" finished-at="2018-05-18T19:55:31Z">
          <reporter-output>
          </reporter-output>
        </test-method> <!-- testcal -->
        <test-method status="FAIL" signature="close()[pri:0, instance:firstappiumtest.Apptest@c46bcd4]" name="close" is-config="true" duration-ms="24" started-at="2018-05-18T19:55:31Z" finished-at="2018-05-18T19:55:31Z">
          <exception class="org.openqa.selenium.WebDriverException">
            <message>
              <![CDATA[Method has not yet been implemented (WARNING: The server did not provide any stacktrace information)
Command duration or timeout: 0 milliseconds
Build info: version: '3.11.0', revision: 'e59cfb3', time: '2018-03-11T20:33:15.31Z'
System info: host: 'Rajeev-Harikar-ITL-409.local', ip: 'fe80:0:0:0:1c79:eb39:153f:260a%en0', os.name: 'Mac OS X', os.arch: 'x86_64', os.version: '10.12.2', java.version: '1.8.0_31'
Driver info: io.appium.java_client.android.AndroidDriver
Capabilities {BROWSER_NAME: Android, VERSION: 6.0, appActivity: com.android.calculator2.Cal..., appPackage: com.android.calculator2, browserName: android, databaseEnabled: false, desired: {BROWSER_NAME: Android, VERSION: 6.0, appActivity: com.android.calculator2.Cal..., appPackage: com.android.calculator2, browserName: android, deviceName: 9SMZQCUKRKOBLJBE, platform: ANDROID, platformName: Android, version: }, deviceManufacturer: LENOVO, deviceModel: Lenovo A7020a48, deviceName: 9SMZQCUKRKOBLJBE, deviceScreenSize: 1080x1920, deviceUDID: 9SMZQCUKRKOBLJBE, javascriptEnabled: true, locationContextEnabled: false, networkConnectionEnabled: true, platform: ANDROID, platformName: ANDROID, platformVersion: 6.0, takesScreenshot: true, version: , warnings: {}, webStorageEnabled: false}
Session ID: 1620e1e5-a9a1-4d68-aaf9-1564d7ed226b]]>
            </message>
            <full-stacktrace>
              <![CDATA[org.openqa.selenium.WebDriverException: Method has not yet been implemented (WARNING: The server did not provide any stacktrace information)
Command duration or timeout: 0 milliseconds
Build info: version: '3.11.0', revision: 'e59cfb3', time: '2018-03-11T20:33:15.31Z'
System info: host: 'Rajeev-Harikar-ITL-409.local', ip: 'fe80:0:0:0:1c79:eb39:153f:260a%en0', os.name: 'Mac OS X', os.arch: 'x86_64', os.version: '10.12.2', java.version: '1.8.0_31'
Driver info: io.appium.java_client.android.AndroidDriver
Capabilities {BROWSER_NAME: Android, VERSION: 6.0, appActivity: com.android.calculator2.Cal..., appPackage: com.android.calculator2, browserName: android, databaseEnabled: false, desired: {BROWSER_NAME: Android, VERSION: 6.0, appActivity: com.android.calculator2.Cal..., appPackage: com.android.calculator2, browserName: android, deviceName: 9SMZQCUKRKOBLJBE, platform: ANDROID, platformName: Android, version: }, deviceManufacturer: LENOVO, deviceModel: Lenovo A7020a48, deviceName: 9SMZQCUKRKOBLJBE, deviceScreenSize: 1080x1920, deviceUDID: 9SMZQCUKRKOBLJBE, javascriptEnabled: true, locationContextEnabled: false, networkConnectionEnabled: true, platform: ANDROID, platformName: ANDROID, platformVersion: 6.0, takesScreenshot: true, version: , warnings: {}, webStorageEnabled: false}
Session ID: 1620e1e5-a9a1-4d68-aaf9-1564d7ed226b
at sun.reflect.NativeConstructorAccessorImpl.newInstance0(Native Method)
at sun.reflect.NativeConstructorAccessorImpl.newInstance(NativeConstructorAccessorImpl.java:62)
at sun.reflect.DelegatingConstructorAccessorImpl.newInstance(DelegatingConstructorAccessorImpl.java:45)
at java.lang.reflect.Constructor.newInstance(Constructor.java:408)
at org.openqa.selenium.remote.ErrorHandler.createThrowable(ErrorHandler.java:214)
at org.openqa.selenium.remote.ErrorHandler.throwIfResponseFailed(ErrorHandler.java:166)
at org.openqa.selenium.remote.http.JsonHttpResponseCodec.reconstructValue(JsonHttpResponseCodec.java:40)
at org.openqa.selenium.remote.http.AbstractHttpResponseCodec.decode(AbstractHttpResponseCodec.java:80)
at org.openqa.selenium.remote.http.AbstractHttpResponseCodec.decode(AbstractHttpResponseCodec.java:44)
at org.openqa.selenium.remote.HttpCommandExecutor.execute(HttpCommandExecutor.java:158)
at io.appium.java_client.remote.AppiumCommandExecutor.execute(AppiumCommandExecutor.java:129)
at org.openqa.selenium.remote.RemoteWebDriver.execute(RemoteWebDriver.java:545)
at io.appium.java_client.DefaultGenericMobileDriver.execute(DefaultGenericMobileDriver.java:46)
at io.appium.java_client.AppiumDriver.execute(AppiumDriver.java:1)
at io.appium.java_client.android.AndroidDriver.execute(AndroidDriver.java:1)
at org.openqa.selenium.remote.RemoteWebDriver.close(RemoteWebDriver.java:435)
at firstappiumtest.Apptest.close(Apptest.java:67)
at sun.reflect.NativeMethodAccessorImpl.invoke0(Native Method)
at sun.reflect.NativeMethodAccessorImpl.invoke(NativeMethodAccessorImpl.java:62)
at sun.reflect.DelegatingMethodAccessorImpl.invoke(DelegatingMethodAccessorImpl.java:43)
at java.lang.reflect.Method.invoke(Method.java:483)
at org.testng.internal.MethodInvocationHelper.invokeMethod(MethodInvocationHelper.java:124)
at org.testng.internal.MethodInvocationHelper.invokeMethodConsideringTimeout(MethodInvocationHelper.java:59)
at org.testng.internal.Invoker.invokeConfigurationMethod(Invoker.java:458)
at org.testng.internal.Invoker.invokeConfigurations(Invoker.java:222)
at org.testng.internal.Invoker.invokeConfigurations(Invoker.java:142)
at org.testng.internal.TestMethodWorker.invokeAfterClassMethods(TestMethodWorker.java:214)
at org.testng.internal.TestMethodWorker.run(TestMethodWorker.java:111)
at org.testng.TestRunner.privateRun(TestRunner.java:648)
at org.testng.TestRunner.run(TestRunner.java:505)
at org.testng.SuiteRunner.runTest(SuiteRunner.java:455)
at org.testng.SuiteRunner.runSequentially(SuiteRunner.java:450)
at org.testng.SuiteRunner.privateRun(SuiteRunner.java:415)
at org.testng.SuiteRunner.run(SuiteRunner.java:364)
at org.testng.SuiteRunnerWorker.runSuite(SuiteRunnerWorker.java:52)
at org.testng.SuiteRunnerWorker.run(SuiteRunnerWorker.java:84)
at org.testng.TestNG.runSuitesSequentially(TestNG.java:1208)
at org.testng.TestNG.runSuitesLocally(TestNG.java:1137)
at org.testng.TestNG.runSuites(TestNG.java:1049)
at org.testng.TestNG.run(TestNG.java:1017)
at org.testng.remote.AbstractRemoteTestNG.run(AbstractRemoteTestNG.java:114)
at org.testng.remote.RemoteTestNG.initAndRun(RemoteTestNG.java:251)
at org.testng.remote.RemoteTestNG.main(RemoteTestNG.java:77)
]]>
            </full-stacktrace>
          </exception> <!-- org.openqa.selenium.WebDriverException -->
          <reporter-output>
          </reporter-output>
        </test-method> <!-- close -->
      </class> <!-- firstappiumtest.Apptest -->
    </test> <!-- Default test -->
  </suite> <!-- Default suite -->
</testng-results>
